0 info it worked if it ends with ok
1 verbose cli [ '/usr/local/bin/node', '/usr/local/bin/npm', 'publish' ]
2 info using npm@3.10.3
3 info using node@v6.7.0
4 verbose publish [ '.' ]
5 silly cache add args [ '.', null ]
6 verbose cache add spec .
7 silly cache add parsed spec Result {
7 silly cache add   raw: '.',
7 silly cache add   scope: null,
7 silly cache add   escapedName: null,
7 silly cache add   name: null,
7 silly cache add   rawSpec: '.',
7 silly cache add   spec: '/Users/nimer/Desktop/generator-ng-com',
7 silly cache add   type: 'directory' }
8 verbose addLocalDirectory /Users/nimer/.npm/generator-ng-com/0.0.0/package.tgz not in flight; packing
9 verbose correctMkdir /Users/nimer/.npm correctMkdir not in flight; initializing
10 info lifecycle generator-ng-com@0.0.0~prepublish: generator-ng-com@0.0.0
11 verbose lifecycle generator-ng-com@0.0.0~prepublish: unsafe-perm in lifecycle true
12 verbose lifecycle generator-ng-com@0.0.0~prepublish: PATH: /usr/local/lib/node_modules/npm/bin/node-gyp-bin:/Users/nimer/Desktop/generator-ng-com/node_modules/.bin:/usr/local/bin:/usr/local/bin:/usr/bin:/bin:/usr/sbin:/sbin
13 verbose lifecycle generator-ng-com@0.0.0~prepublish: CWD: /Users/nimer/Desktop/generator-ng-com
14 silly lifecycle generator-ng-com@0.0.0~prepublish: Args: [ '-c', 'gulp prepublish' ]
15 silly lifecycle generator-ng-com@0.0.0~prepublish: Returned: code: 0  signal: null
16 verbose tar pack [ '/Users/nimer/.npm/generator-ng-com/0.0.0/package.tgz',
16 verbose tar pack   '/Users/nimer/Desktop/generator-ng-com' ]
17 verbose tarball /Users/nimer/.npm/generator-ng-com/0.0.0/package.tgz
18 verbose folder /Users/nimer/Desktop/generator-ng-com
19 verbose addLocalTarball adding from inside cache /Users/nimer/.npm/generator-ng-com/0.0.0/package.tgz
20 verbose correctMkdir /Users/nimer/.npm correctMkdir not in flight; initializing
21 silly cache afterAdd generator-ng-com@0.0.0
22 verbose afterAdd /Users/nimer/.npm/generator-ng-com/0.0.0/package/package.json not in flight; writing
23 verbose correctMkdir /Users/nimer/.npm correctMkdir not in flight; initializing
24 verbose afterAdd /Users/nimer/.npm/generator-ng-com/0.0.0/package/package.json written
25 silly publish { name: 'generator-ng-com',
25 silly publish   version: '0.0.0',
25 silly publish   description: '>',
25 silly publish   homepage: 'https://github.com/nimerfarahty/generator-ng-com#readme',
25 silly publish   author: { name: 'Nimer Farahty', email: 'nimer.farahty@gmail.com' },
25 silly publish   files: [ 'generators' ],
25 silly publish   main: 'generators/index.js',
25 silly publish   keywords: [ 'yeoman-generator' ],
25 silly publish   dependencies:
25 silly publish    { 'yeoman-generator': '^0.23.0',
25 silly publish      chalk: '^1.0.0',
25 silly publish      yosay: '^1.0.0' },
25 silly publish   devDependencies:
25 silly publish    { eslint: '^3.1.1',
25 silly publish      'eslint-config-xo-space': '^0.15.0',
25 silly publish      gulp: '^3.9.0',
25 silly publish      'gulp-coveralls': '^0.1.0',
25 silly publish      'gulp-eslint': '^3.0.1',
25 silly publish      'gulp-exclude-gitignore': '^1.0.0',
25 silly publish      'gulp-istanbul': '^1.0.0',
25 silly publish      'gulp-line-ending-corrector': '^1.0.1',
25 silly publish      'gulp-mocha': '^3.0.1',
25 silly publish      'gulp-nsp': '^2.1.0',
25 silly publish      'gulp-plumber': '^1.0.0',
25 silly publish      lodash: '^4.16.4',
25 silly publish      'yeoman-assert': '^2.0.0',
25 silly publish      'yeoman-test': '^1.0.0' },
25 silly publish   eslintConfig: { extends: 'xo-space', env: { mocha: true } },
25 silly publish   repository:
25 silly publish    { type: 'git',
25 silly publish      url: 'git+https://github.com/nimerfarahty/generator-ng-com.git' },
25 silly publish   scripts: { prepublish: 'gulp prepublish', test: 'gulp' },
25 silly publish   license: 'MIT',
25 silly publish   readme: '# generator-ng-com [![NPM version][npm-image]][npm-url] [![Build Status][travis-image]][travis-url] [![Dependency Status][daviddm-image]][daviddm-url] [![Coverage percentage][coveralls-image]][coveralls-url]\n> \n\n## Installation\n\nFirst, install [Yeoman](http://yeoman.io) and generator-ng-com using [npm](https://www.npmjs.com/) (we assume you have pre-installed [node.js](https://nodejs.org/)).\n\n```bash\nnpm install -g yo\nnpm install -g generator-ng-com\n```\n\nThen generate your new project:\n\n```bash\nyo ng-com\n```\n\n## Getting To Know Yeoman\n\n * Yeoman has a heart of gold.\n * Yeoman is a person with feelings and opinions, but is very easy to work with.\n * Yeoman can be too opinionated at times but is easily convinced not to be.\n * Feel free to [learn more about Yeoman](http://yeoman.io/).\n\n## License\n\nMIT © [Nimer Farahty]()\n\n\n[npm-image]: https://badge.fury.io/js/generator-ng-com.svg\n[npm-url]: https://npmjs.org/package/generator-ng-com\n[travis-image]: https://travis-ci.org/nimerfarahty/generator-ng-com.svg?branch=master\n[travis-url]: https://travis-ci.org/nimerfarahty/generator-ng-com\n[daviddm-image]: https://david-dm.org/nimerfarahty/generator-ng-com.svg?theme=shields.io\n[daviddm-url]: https://david-dm.org/nimerfarahty/generator-ng-com\n[coveralls-image]: https://coveralls.io/repos/nimerfarahty/generator-ng-com/badge.svg\n[coveralls-url]: https://coveralls.io/r/nimerfarahty/generator-ng-com\n',
25 silly publish   readmeFilename: 'README.md',
25 silly publish   gitHead: '575d54cc8d4699d07eecbd95380c9133acfbf7b5',
25 silly publish   bugs: { url: 'https://github.com/nimerfarahty/generator-ng-com/issues' },
25 silly publish   _id: 'generator-ng-com@0.0.0',
25 silly publish   _shasum: 'b08f04ad0294d2de42cb71f8e04e0fd1679b5be5',
25 silly publish   _from: '.' }
26 verbose getPublishConfig undefined
27 silly mapToRegistry name generator-ng-com
28 silly mapToRegistry using default registry
29 silly mapToRegistry registry https://registry.npmjs.org/
30 silly mapToRegistry data Result {
30 silly mapToRegistry   raw: 'generator-ng-com',
30 silly mapToRegistry   scope: null,
30 silly mapToRegistry   escapedName: 'generator-ng-com',
30 silly mapToRegistry   name: 'generator-ng-com',
30 silly mapToRegistry   rawSpec: '',
30 silly mapToRegistry   spec: 'latest',
30 silly mapToRegistry   type: 'tag' }
31 silly mapToRegistry uri https://registry.npmjs.org/generator-ng-com
32 verbose publish registryBase https://registry.npmjs.org/
33 silly publish uploading /Users/nimer/.npm/generator-ng-com/0.0.0/package.tgz
34 verbose request uri https://registry.npmjs.org/generator-ng-com
35 verbose request sending authorization for write operation
36 info attempt registry request try #1 at 1:42:25 PM
37 verbose request using bearer token for auth
38 verbose request id 92d17614fc8eb703
39 http request PUT https://registry.npmjs.org/generator-ng-com
40 http 403 https://registry.npmjs.org/generator-ng-com
41 verbose headers { 'content-type': 'application/json',
41 verbose headers   'cache-control': 'max-age=300',
41 verbose headers   'content-length': '95',
41 verbose headers   'accept-ranges': 'bytes',
41 verbose headers   date: 'Mon, 24 Oct 2016 10:42:25 GMT',
41 verbose headers   via: '1.1 varnish',
41 verbose headers   connection: 'keep-alive',
41 verbose headers   'x-served-by': 'cache-fra1240-FRA',
41 verbose headers   'x-cache': 'MISS',
41 verbose headers   'x-cache-hits': '0',
41 verbose headers   'x-timer': 'S1477305744.716824,VS0,VE930',
41 verbose headers   vary: 'Accept-Encoding' }
42 verbose request invalidating /Users/nimer/.npm/registry.npmjs.org/generator-ng-com on PUT
43 error publish Failed PUT 403
44 verbose stack Error: "You cannot publish over the previously published version 0.0.0." : generator-ng-com
44 verbose stack     at makeError (/usr/local/lib/node_modules/npm/node_modules/npm-registry-client/lib/request.js:264:12)
44 verbose stack     at CachingRegistryClient.<anonymous> (/usr/local/lib/node_modules/npm/node_modules/npm-registry-client/lib/request.js:252:14)
44 verbose stack     at Request._callback (/usr/local/lib/node_modules/npm/node_modules/npm-registry-client/lib/request.js:172:14)
44 verbose stack     at Request.self.callback (/usr/local/lib/node_modules/npm/node_modules/request/request.js:200:22)
44 verbose stack     at emitTwo (events.js:106:13)
44 verbose stack     at Request.emit (events.js:191:7)
44 verbose stack     at Request.<anonymous> (/usr/local/lib/node_modules/npm/node_modules/request/request.js:1067:10)
44 verbose stack     at emitOne (events.js:101:20)
44 verbose stack     at Request.emit (events.js:188:7)
44 verbose stack     at IncomingMessage.<anonymous> (/usr/local/lib/node_modules/npm/node_modules/request/request.js:988:12)
45 verbose statusCode 403
46 verbose pkgid generator-ng-com
47 verbose cwd /Users/nimer/Desktop/generator-ng-com
48 error Darwin 15.6.0
49 error argv "/usr/local/bin/node" "/usr/local/bin/npm" "publish"
50 error node v6.7.0
51 error npm  v3.10.3
52 error code E403
53 error "You cannot publish over the previously published version 0.0.0." : generator-ng-com
54 error If you need help, you may report this error at:
54 error     <https://github.com/npm/npm/issues>
55 verbose exit [ 1, true ]
